2020-07-28 15:01:42,359 - WARNING - aya - модуль:"BuhOtch":1268 - удаляем форму:"0420002 Бухгалтерский баланс _3", код:"1_FR_BS_PURCB_open_retrospective...!
2020-07-28 15:01:42,360 - WARNING - aya - модуль:"BuhOtch":1268 - удаляем форму:"0420002 Бухгалтерский баланс _4", код:"1_FR_BS_PURCB_open...!
2020-07-28 15:01:42,360 - WARNING - aya - модуль:"BuhOtch":1268 - удаляем форму:"0420003 Отчет о финансовых ре_3", код:"2_FR_PL_PURCB_open_LastQuarter...!
2020-07-28 15:01:42,361 - WARNING - aya - модуль:"BuhOtch":1268 - удаляем форму:"0420003 Отчет о финансовых ре_4", код:"2_FR_PL_PURCB_open...!
2020-07-28 15:01:42,361 - WARNING - aya - модуль:"BuhOtch":1268 - удаляем форму:"0420004 Отчет об изменениях с_2", код:"3_FR_SOCIE_PURCB_open_comparative...!
2020-07-28 15:01:42,361 - WARNING - aya - модуль:"BuhOtch":1268 - удаляем форму:"0420004 Отчет об изменениях с_3", код:"3_FR_SOCIE_PURCB_open...!
2020-07-28 15:01:42,362 - WARNING - aya - модуль:"BuhOtch":1268 - удаляем форму:"0420005 Отчет о потоках денеж_3", код:"4_FR_CF_PURCB_open_comparative...!
2020-07-28 15:01:42,362 - WARNING - aya - модуль:"BuhOtch":1268 - удаляем форму:"0420005 Отчет о потоках денеж_4", код:"4_FR_CF_PURCB_open...!
2020-07-28 15:01:42,362 - WARNING - aya - модуль:"BuhOtch":1268 - удаляем форму:"Активы и обязательства по догов", код:"FR_2_055_02c_01...!
2020-07-28 15:01:42,362 - WARNING - aya - модуль:"BuhOtch":1268 - удаляем форму:"Актуарные допущения использован", код:"FR_2_027_06c_01...!
2020-07-28 15:01:42,363 - WARNING - aya - модуль:"BuhOtch":1268 - удаляем форму:"Актуарные допущения использов_2", код:"FR_2_027_06c_01_Prim...!
2020-07-28 15:01:42,363 - WARNING - aya - модуль:"BuhOtch":1268 - удаляем форму:"Анализ изменений оценочного рез", код:"FR_3_011_01c_01_comparative...!
2020-07-28 15:01:42,363 - WARNING - aya - модуль:"BuhOtch":1268 - удаляем форму:"Анализ изменений оценочного р_2", код:"FR_3_011_01c_01...!
2020-07-28 15:01:42,364 - WARNING - aya - модуль:"BuhOtch":1268 - удаляем форму:"Анализ изменений резерва под об", код:"FR_2_009_02_01_comparative...!
2020-07-28 15:01:42,364 - WARNING - aya - модуль:"BuhOtch":1268 - удаляем форму:"Анализ изменений резерва под _2", код:"FR_2_009_02_01...!
2020-07-28 15:01:42,364 - WARNING - aya - модуль:"BuhOtch":1268 - удаляем форму:"Анализ изменений резерва под _3", код:"FR_2_011_02_01_comparative...!
2020-07-28 15:01:42,365 - WARNING - aya - модуль:"BuhOtch":1268 - удаляем форму:"Анализ изменений резерва под _4", код:"FR_2_011_02_01...!
2020-07-28 15:01:42,365 - WARNING - aya - модуль:"BuhOtch":1268 - удаляем форму:"Анализ изменений резерва под _5", код:"FR_2_010_02_01_comparative...!
2020-07-28 15:01:42,365 - WARNING - aya - модуль:"BuhOtch":1268 - удаляем форму:"Анализ изменений резерва под _6", код:"FR_2_010_02_01...!
2020-07-28 15:01:42,365 - WARNING - aya - модуль:"BuhOtch":1268 - удаляем форму:"Анализ изменений резерва под _7", код:"FR_2_017_02c_01_comparative...!
2020-07-28 15:01:42,365 - WARNING - aya - модуль:"BuhOtch":1268 - удаляем форму:"Анализ изменений резерва под _8", код:"FR_2_017_02c_01...!
2020-07-28 15:01:42,366 - WARNING - aya - модуль:"BuhOtch":1268 - удаляем форму:"Анализ изменений резервов  оцен", код:"FR_2_028_01c_01...!
2020-07-28 15:01:42,366 - WARNING - aya - модуль:"BuhOtch":1268 - удаляем форму:"Анализ изменения справедливой с", код:"FR_2_019_02c_01...!
2020-07-28 15:01:42,366 - WARNING - aya - модуль:"BuhOtch":1268 - удаляем форму:"Анализ недисконтированных аренд", код:"FR_2_055_05_01...!
2020-07-28 15:01:42,367 - WARNING - aya - модуль:"BuhOtch":1268 - удаляем форму:"Анализ по договорным срокам до ", код:"FR_4_005_05c_01...!
2020-07-28 15:01:42,367 - WARNING - aya - модуль:"BuhOtch":1268 - удаляем форму:"Анализ процентных ставок и срок", код:"FR_2_021_02_01...!
2020-07-28 15:01:42,367 - WARNING - aya - модуль:"BuhOtch":1268 - удаляем форму:"Анализ процентных ставок и ср_2", код:"FR_2_020_03c_01...!
2020-07-28 15:01:42,367 - WARNING - aya - модуль:"BuhOtch":1268 - удаляем форму:"Анализ справедливой стоимости п", код:"FR_4_008_07c_01...!
2020-07-28 15:01:42,368 - WARNING - aya - модуль:"BuhOtch":1268 - удаляем форму:"Анализ справедливой стоимости_2", код:"FR_4_008_06c_01...!
2020-07-28 15:01:42,368 - WARNING - aya - модуль:"BuhOtch":1268 - удаляем форму:"Анализ сумм переклассифицирован", код:"FR_4_007_05c_01_LastQuarter...!
2020-07-28 15:01:42,368 - WARNING - aya - модуль:"BuhOtch":1268 - удаляем форму:"Анализ сумм переклассифициров_2", код:"FR_4_007_05c_01...!
2020-07-28 15:01:42,368 - WARNING - aya - модуль:"BuhOtch":1268 - удаляем форму:"Анализ финансовых активов и фин", код:"FR_4_004_17c_01...!
2020-07-28 15:01:42,369 - WARNING - aya - модуль:"BuhOtch":1268 - удаляем форму:"Анализ финансовых обязательств ", код:"FR_4_004_16c_01...!
2020-07-28 15:01:42,369 - WARNING - aya - модуль:"BuhOtch":1268 - удаляем форму:"Анализ чувствительности", код:"FR_2_027_07_01...!
2020-07-28 15:01:42,369 - WARNING - aya - модуль:"BuhOtch":1268 - удаляем форму:"Анализ чувствительности к рыноч", код:"FR_4_004_20_01...!
2020-07-28 15:01:42,369 - WARNING - aya - модуль:"BuhOtch":1268 - удаляем форму:"Базовая прибыль убыток на акцию", код:"FR_4_002_01c_01_Prim...!
2020-07-28 15:01:42,369 - WARNING - aya - модуль:"BuhOtch":1268 - удаляем форму:"Базовая прибыль убыток на акц_2", код:"FR_4_002_01c_01_comparative...!
2020-07-28 15:01:42,370 - WARNING - aya - модуль:"BuhOtch":1268 - удаляем форму:"Базовая прибыль убыток на акц_3", код:"FR_4_002_01c_01...!
2020-07-28 15:01:42,370 - WARNING - aya - модуль:"BuhOtch":1268 - удаляем форму:"Выверка изменений оценочного ре", код:"FR_2_008_05c_01_comparative...!
2020-07-28 15:01:42,370 - WARNING - aya - модуль:"BuhOtch":1268 - удаляем форму:"Выверка изменений оценочного _2", код:"FR_2_008_05c_01...!
2020-07-28 15:01:42,370 - WARNING - aya - модуль:"BuhOtch":1268 - удаляем форму:"Выверка изменений оценочного _3", код:"FR_2_001_05c_01_comparative...!
2020-07-28 15:01:42,370 - WARNING - aya - модуль:"BuhOtch":1268 - удаляем форму:"Выверка изменений оценочного _4", код:"FR_2_001_05c_01...!
2020-07-28 15:01:42,371 - WARNING - aya - модуль:"BuhOtch":1268 - удаляем форму:"Выверка изменений оценочного _5", код:"FR_2_004_03c_01_comparative...!
2020-07-28 15:01:42,371 - WARNING - aya - модуль:"BuhOtch":1268 - удаляем форму:"Выверка изменений оценочного _6", код:"FR_2_004_03c_01...!
2020-07-28 15:01:42,371 - WARNING - aya - модуль:"BuhOtch":1268 - удаляем форму:"Выверка изменений оценочного _7", код:"FR_2_007_03c_01_comparative...!
2020-07-28 15:01:42,371 - WARNING - aya - модуль:"BuhOtch":1268 - удаляем форму:"Выверка изменений оценочного _8", код:"FR_2_007_03c_01...!
2020-07-28 15:01:42,371 - WARNING - aya - модуль:"BuhOtch":1268 - удаляем форму:"Выверка изменений оценочного _9", код:"FR_2_006_03c_01_comparative...!
2020-07-28 15:01:42,372 - WARNING - aya - модуль:"BuhOtch":1268 - удаляем форму:"Выверка изменений оценочного_10", код:"FR_2_006_03c_01...!
2020-07-28 15:01:42,372 - WARNING - aya - модуль:"BuhOtch":1268 - удаляем форму:"Выверка изменений полной баланс", код:"FR_2_008_04c_01_comparative...!
2020-07-28 15:01:42,372 - WARNING - aya - модуль:"BuhOtch":1268 - удаляем форму:"Выверка изменений полной бала_2", код:"FR_2_008_04c_01...!
2020-07-28 15:01:42,372 - WARNING - aya - модуль:"BuhOtch":1268 - удаляем форму:"Выверка изменений полной бала_3", код:"FR_2_001_04_01_comparative...!
2020-07-28 15:01:42,372 - WARNING - aya - модуль:"BuhOtch":1268 - удаляем форму:"Выверка изменений полной бала_4", код:"FR_2_001_04_01...!
2020-07-28 15:01:42,373 - WARNING - aya - модуль:"BuhOtch":1268 - удаляем форму:"Выверка изменений полной бала_5", код:"FR_2_004_02c_01_comparative...!
2020-07-28 15:01:42,373 - WARNING - aya - модуль:"BuhOtch":1268 - удаляем форму:"Выверка изменений полной бала_6", код:"FR_2_004_02c_01...!
2020-07-28 15:01:42,373 - WARNING - aya - модуль:"BuhOtch":1268 - удаляем форму:"Выверка изменений полной бала_7", код:"FR_2_007_02c_01_comparative...!
2020-07-28 15:01:42,373 - WARNING - aya - модуль:"BuhOtch":1268 - удаляем форму:"Выверка изменений полной бала_8", код:"FR_2_007_02c_01...!
2020-07-28 15:01:42,373 - WARNING - aya - модуль:"BuhOtch":1268 - удаляем форму:"Выверка изменений полной бала_9", код:"FR_2_006_02c_01_comparative...!
2020-07-28 15:01:42,374 - WARNING - aya - модуль:"BuhOtch":1268 - удаляем форму:"Выверка изменений полной бал_10", код:"FR_2_006_02c_01...!
2020-07-28 15:01:42,374 - WARNING - aya - модуль:"BuhOtch":1268 - удаляем форму:"Выверка изменений резерва перео", код:"FR_2_004_04c_01_comparative...!
2020-07-28 15:01:42,374 - WARNING - aya - модуль:"BuhOtch":1268 - удаляем форму:"Выверка изменений резерва пер_2", код:"FR_2_004_04c_01...!
2020-07-28 15:01:42,374 - WARNING - aya - модуль:"BuhOtch":1268 - удаляем форму:"Выверка изменений резерва пер_3", код:"FR_2_005_03c_01_comparative...!
2020-07-28 15:01:42,374 - WARNING - aya - модуль:"BuhOtch":1268 - удаляем форму:"Выверка изменений резерва пер_4", код:"FR_2_005_03c_01...!
2020-07-28 15:01:42,375 - WARNING - aya - модуль:"BuhOtch":1268 - удаляем форму:"Выпущенные долговые ценные бума", код:"FR_2_021_01c_01...!
2020-07-28 15:01:42,375 - WARNING - aya - модуль:"BuhOtch":1268 - удаляем форму:"Выручка от оказания услуг и ком", код:"FR_3_033_01_01_LastQuarter...!
2020-07-28 15:01:42,375 - WARNING - aya - модуль:"BuhOtch":1268 - удаляем форму:"Выручка от оказания услуг и к_2", код:"FR_3_033_01_01...!
2020-07-28 15:01:42,375 - WARNING - aya - модуль:"BuhOtch":1268 - удаляем форму:"Географическая информация о дох", код:"FR_4_003_07c_01_LastQuarter...!
2020-07-28 15:01:42,375 - WARNING - aya - модуль:"BuhOtch":1268 - удаляем форму:"Географическая информация о д_2", код:"FR_4_003_07c_01...!
2020-07-28 15:01:42,376 - WARNING - aya - модуль:"BuhOtch":1268 - удаляем форму:"Географический анализ финансовы", код:"FR_4_004_15c_01...!
2020-07-28 15:01:42,376 - WARNING - aya - модуль:"BuhOtch":1268 - удаляем форму:"Данные об операциях по передаче", код:"FR_4_005_03c_01...!
2020-07-28 15:01:42,376 - WARNING - aya - модуль:"BuhOtch":1268 - удаляем форму:"Дивиденды сравнительные данные", код:"FR_3_019_01c_01_comparative...!
2020-07-28 15:01:42,376 - WARNING - aya - модуль:"BuhOtch":1268 - удаляем форму:"Дивиденды", код:"FR_3_019_01c_01...!
2020-07-28 15:01:42,376 - WARNING - aya - модуль:"BuhOtch":1268 - удаляем форму:"Долговые инструменты", код:"FR_2_004_01c_01...!
2020-07-28 15:01:42,377 - WARNING - aya - модуль:"BuhOtch":1268 - удаляем форму:"Долевые инструменты оцениваемые", код:"FR_2_005_01c_01...!
2020-07-28 15:01:42,377 - WARNING - aya - модуль:"BuhOtch":1268 - удаляем форму:"Доходы за вычетом расходов расх", код:"FR_3_009_01c_01_LastQuarter...!
2020-07-28 15:01:42,377 - WARNING - aya - модуль:"BuhOtch":1268 - удаляем форму:"Доходы за вычетом расходов ра_2", код:"FR_3_009_01c_01...!
2020-07-28 15:01:42,378 - WARNING - aya - модуль:"BuhOtch":1268 - удаляем форму:"Доходы за вычетом расходов ра_3", код:"FR_3_010_01c_01_LastQuarter...!
2020-07-28 15:01:42,378 - WARNING - aya - модуль:"BuhOtch":1268 - удаляем форму:"Доходы за вычетом расходов ра_4", код:"FR_3_010_01c_01...!
2020-07-28 15:01:42,378 - WARNING - aya - модуль:"BuhOtch":1268 - удаляем форму:"Доходы за вычетом расходов ра_5", код:"FR_3_012_01c_01_LastQuarter...!
2020-07-28 15:01:42,378 - WARNING - aya - модуль:"BuhOtch":1268 - удаляем форму:"Доходы за вычетом расходов ра_6", код:"FR_3_012_01c_01...!
2020-07-28 15:01:42,378 - WARNING - aya - модуль:"BuhOtch":1268 - удаляем форму:"Доходы за вычетом расходов ра_7", код:"FR_3_032_01_01_LastQuarter...!
2020-07-28 15:01:42,379 - WARNING - aya - модуль:"BuhOtch":1268 - удаляем форму:"Доходы за вычетом расходов ра_8", код:"FR_3_032_01_01...!
2020-07-28 15:01:42,379 - WARNING - aya - модуль:"BuhOtch":1268 - удаляем форму:"Доходы за вычетом расходов приз", код:"FR_4_005_06c_01_LastQuarter...!
2020-07-28 15:01:42,379 - WARNING - aya - модуль:"BuhOtch":1268 - удаляем форму:"Доходы за вычетом расходов пр_2", код:"FR_4_005_06c_01...!
2020-07-28 15:01:42,379 - WARNING - aya - модуль:"BuhOtch":1268 - удаляем форму:"Доходы и расходы по операциям с", код:"FR_4_010_02c_01_LastQuarter...!
2020-07-28 15:01:42,380 - WARNING - aya - модуль:"BuhOtch":1268 - удаляем форму:"Доходы и расходы по операциям_2", код:"FR_4_010_02c_01...!
2020-07-28 15:01:42,380 - WARNING - aya - модуль:"BuhOtch":1268 - удаляем форму:"Займы выданные и депозиты в кре", код:"FR_2_002_04c_02...!
2020-07-28 15:01:42,380 - WARNING - aya - модуль:"BuhOtch":1268 - удаляем форму:"Займы выданные и прочие размеще", код:"FR_2_007_01c_01...!
2020-07-28 15:01:42,381 - WARNING - aya - модуль:"BuhOtch":1268 - удаляем форму:"Изменение приведенной стоимости", код:"FR_2_027_03c_01_comparative...!
2020-07-28 15:01:42,381 - WARNING - aya - модуль:"BuhOtch":1268 - удаляем форму:"Изменение приведенной стоимос_2", код:"FR_2_027_03c_01...!
2020-07-28 15:01:42,381 - WARNING - aya - модуль:"BuhOtch":1268 - удаляем форму:"Изменение справедливой стоимост", код:"FR_2_027_04c_01_comparative...!
2020-07-28 15:01:42,381 - WARNING - aya - модуль:"BuhOtch":1268 - удаляем форму:"Изменение справедливой стоимо_2", код:"FR_2_027_04c_01...!
2020-07-28 15:01:42,381 - WARNING - aya - модуль:"BuhOtch":1268 - удаляем форму:"Изменения размера отложенного д", код:"FR_4_008_08c_01_comparative...!
2020-07-28 15:01:42,382 - WARNING - aya - модуль:"BuhOtch":1268 - удаляем форму:"Изменения размера отложенного_2", код:"FR_4_008_08c_01...!
2020-07-28 15:01:42,382 - WARNING - aya - модуль:"BuhOtch":1268 - удаляем форму:"Инвестиции в ассоциированные пр", код:"FR_2_009_01c_01...!
2020-07-28 15:01:42,382 - WARNING - aya - модуль:"BuhOtch":1268 - удаляем форму:"Инвестиции в дочерние предприят", код:"FR_2_011_01c_01...!
2020-07-28 15:01:42,382 - WARNING - aya - модуль:"BuhOtch":1268 - удаляем форму:"Инвестиции в совместно контроли", код:"FR_2_010_01c_01...!
2020-07-28 15:01:42,382 - WARNING - aya - модуль:"BuhOtch":1268 - удаляем форму:"Информация о балансовой стоимос", код:"FR_4_005_01c_01...!
2020-07-28 15:01:42,383 - WARNING - aya - модуль:"BuhOtch":1268 - удаляем форму:"Информация о деятельности по пе", код:"FR_4_005_07c_01_LastQuarter...!
2020-07-28 15:01:42,383 - WARNING - aya - модуль:"BuhOtch":1268 - удаляем форму:"Информация о деятельности по _2", код:"FR_4_005_07c_01...!
2020-07-28 15:01:42,383 - WARNING - aya - модуль:"BuhOtch":1268 - удаляем форму:"Информация о доходах за вычетом", код:"FR_3_008_01c_01_LastQuarter...!
2020-07-28 15:01:42,383 - WARNING - aya - модуль:"BuhOtch":1268 - удаляем форму:"Информация о доходах за вычет_2", код:"FR_3_008_01c_01...!
2020-07-28 15:01:42,383 - WARNING - aya - модуль:"BuhOtch":1268 - удаляем форму:"Информация о доходах за вычет_3", код:"FR_3_016_01c_01_LastQuarter...!
2020-07-28 15:01:42,384 - WARNING - aya - модуль:"BuhOtch":1268 - удаляем форму:"Информация о доходах за вычет_4", код:"FR_3_016_01c_01...!
2020-07-28 15:01:42,384 - WARNING - aya - модуль:"BuhOtch":1268 - удаляем форму:"Информация о доходах за вычет_5", код:"FR_3_007_01c_01_LastQuarter...!
2020-07-28 15:01:42,384 - WARNING - aya - модуль:"BuhOtch":1268 - удаляем форму:"Информация о доходах за вычет_6", код:"FR_3_007_01c_01...!
2020-07-28 15:01:42,384 - WARNING - aya - модуль:"BuhOtch":1268 - удаляем форму:"Информация о кредитном качестве", код:"FR_4_004_05c_01...!
2020-07-28 15:01:42,384 - WARNING - aya - модуль:"BuhOtch":1268 - удаляем форму:"Информация о кредитном качест_2", код:"FR_4_004_06c_01...!
2020-07-28 15:01:42,385 - WARNING - aya - модуль:"BuhOtch":1268 - удаляем форму:"Информация о кредитном качест_3", код:"FR_4_004_07c_01...!
2020-07-28 15:01:42,385 - WARNING - aya - модуль:"BuhOtch":1268 - удаляем форму:"Информация о кредитном качест_4", код:"FR_4_004_10c_01...!
2020-07-28 15:01:42,385 - WARNING - aya - модуль:"BuhOtch":1268 - удаляем форму:"Информация о кредитном качест_5", код:"FR_4_004_09c_01...!
2020-07-28 15:01:42,385 - WARNING - aya - модуль:"BuhOtch":1268 - удаляем форму:"Информация о кредитном качест_6", код:"FR_4_004_08c_01...!
2020-07-28 15:01:42,385 - WARNING - aya - модуль:"BuhOtch":1268 - удаляем форму:"Информация о кредитных рейтинга", код:"FR_4_004_36c_01...!
2020-07-28 15:01:42,386 - WARNING - aya - модуль:"BuhOtch":1268 - удаляем форму:"Информация о кредитных рейтин_2", код:"FR_4_004_11c_01...!
2020-07-28 15:01:42,386 - WARNING - aya - модуль:"BuhOtch":1268 - удаляем форму:"Информация о кредитных рейтин_3", код:"FR_4_004_12c_01...!
2020-07-28 15:01:42,386 - WARNING - aya - модуль:"BuhOtch":1268 - удаляем форму:"Информация о кредитных рейтин_4", код:"FR_4_004_14c_01...!
2020-07-28 15:01:42,386 - WARNING - aya - модуль:"BuhOtch":1268 - удаляем форму:"Информация о кредитных рейтин_5", код:"FR_4_004_13c_01...!
2020-07-28 15:01:42,386 - WARNING - aya - модуль:"BuhOtch":1268 - удаляем форму:"Информация о переносе долевых и", код:"FR_2_009_03c_01...!
2020-07-28 15:01:42,387 - WARNING - aya - модуль:"BuhOtch":1268 - удаляем форму:"Информация о переносе долевых_2", код:"FR_2_011_03c_01...!
2020-07-28 15:01:42,387 - WARNING - aya - модуль:"BuhOtch":1268 - удаляем форму:"Информация о переносе долевых_3", код:"FR_2_010_03c_01...!
2020-07-28 15:01:42,387 - WARNING - aya - модуль:"BuhOtch":1268 - удаляем форму:"Информация о переносе долевых_4", код:"FR_2_009_04c_01...!
2020-07-28 15:01:42,387 - WARNING - aya - модуль:"BuhOtch":1268 - удаляем форму:"Информация о переносе долевых_5", код:"FR_2_011_04c_01...!
2020-07-28 15:01:42,387 - WARNING - aya - модуль:"BuhOtch":1268 - удаляем форму:"Информация о переносе долевых_6", код:"FR_2_010_04c_01...!
2020-07-28 15:01:42,388 - WARNING - aya - модуль:"BuhOtch":1268 - удаляем форму:"Информация о прекращении призна", код:"FR_2_005_02_01...!
2020-07-28 15:01:42,388 - WARNING - aya - модуль:"BuhOtch":1268 - удаляем форму:"Информация о признанных прибыля", код:"FR_4_007_03c_01_LastQuarter...!
2020-07-28 15:01:42,388 - WARNING - aya - модуль:"BuhOtch":1268 - удаляем форму:"Информация о признанных прибы_2", код:"FR_4_007_03c_01...!
2020-07-28 15:01:42,388 - WARNING - aya - модуль:"BuhOtch":1268 - удаляем форму:"Информация о продолжающемся уча", код:"FR_4_005_04c_01...!
2020-07-28 15:01:42,388 - WARNING - aya - модуль:"BuhOtch":1268 - удаляем форму:"Информация о размере вознагражд", код:"FR_4_010_03_01_LastQuarter...!
2020-07-28 15:01:42,389 - WARNING - aya - модуль:"BuhOtch":1268 - удаляем форму:"Информация о размере вознагра_2", код:"FR_4_010_03_01...!
2020-07-28 15:01:42,389 - WARNING - aya - модуль:"BuhOtch":1268 - удаляем форму:"Информация о распределении акти", код:"FR_4_003_01c_01...!
2020-07-28 15:01:42,389 - WARNING - aya - модуль:"BuhOtch":1268 - удаляем форму:"Информация о реклассификации до", код:"FR_3_011_02c_01...!
2020-07-28 15:01:42,389 - WARNING - aya - модуль:"BuhOtch":1268 - удаляем форму:"Информация о реклассификации фи", код:"FR_2_002_03c_01...!
2020-07-28 15:01:42,389 - WARNING - aya - модуль:"BuhOtch":1268 - удаляем форму:"Информация о реклассификации _2", код:"FR_2_004_05c_01...!
2020-07-28 15:01:42,390 - WARNING - aya - модуль:"BuhOtch":1268 - удаляем форму:"Информация о сверке изменений п", код:"FR_4_008_04c_01_LastQuarter...!
2020-07-28 15:01:42,390 - WARNING - aya - модуль:"BuhOtch":1268 - удаляем форму:"Информация о сверке изменений_2", код:"FR_4_008_04c_01_comparative_LastQuarter...!
2020-07-28 15:01:42,390 - WARNING - aya - модуль:"BuhOtch":1268 - удаляем форму:"Информация о сверке изменений_3", код:"FR_4_008_04c_01_comparative...!
2020-07-28 15:01:42,390 - WARNING - aya - модуль:"BuhOtch":1268 - удаляем форму:"Информация о сверке изменений_4", код:"FR_4_008_04c_01...!
2020-07-28 15:01:42,391 - WARNING - aya - модуль:"BuhOtch":1268 - удаляем форму:"Информация о степени зависимост", код:"FR_4_003_06c_01_LastQuarter...!
2020-07-28 15:01:42,391 - WARNING - aya - модуль:"BuhOtch":1268 - удаляем форму:"Информация о степени зависимо_2", код:"FR_4_003_06c_01...!
2020-07-28 15:01:42,391 - WARNING - aya - модуль:"BuhOtch":1268 - удаляем форму:"Информация об инвестиционных и ", код:"FR_2_001_03c_01...!
2020-07-28 15:01:42,392 - WARNING - aya - модуль:"BuhOtch":1268 - удаляем форму:"Информация об операциях по пере", код:"FR_4_005_02c_01...!
2020-07-28 15:01:42,392 - WARNING - aya - модуль:"BuhOtch":1268 - удаляем форму:"Информация об отчетных сегмента", код:"FR_4_003_01_Info...!
2020-07-28 15:01:42,392 - WARNING - aya - модуль:"BuhOtch":1268 - удаляем форму:"Информация по договорам аренды ", код:"FR_2_055_01c_01...!
2020-07-28 15:01:42,392 - WARNING - aya - модуль:"BuhOtch":1268 - удаляем форму:"Информация по договорам аренд_2", код:"FR_2_055_04c_01...!
2020-07-28 15:01:42,393 - WARNING - aya - модуль:"BuhOtch":1268 - удаляем форму:"Информация по номинальным проце", код:"FR_2_006_04c_01...!
2020-07-28 15:01:42,393 - WARNING - aya - модуль:"BuhOtch":1268 - удаляем форму:"Информация по распределению дох", код:"FR_4_003_02c_01_LastQuarter...!
2020-07-28 15:01:42,393 - WARNING - aya - модуль:"BuhOtch":1268 - удаляем форму:"Информация по распределению д_2", код:"FR_4_003_02c_01...!
2020-07-28 15:01:42,393 - WARNING - aya - модуль:"BuhOtch":1268 - удаляем форму:"Капитал количество акций в обра", код:"FR_2_030_01c_01...!
2020-07-28 15:01:42,393 - WARNING - aya - модуль:"BuhOtch":1268 - удаляем форму:"Капитал", код:"FR_2_030_01c_02...!
2020-07-28 15:01:42,394 - WARNING - aya - модуль:"BuhOtch":1268 - удаляем форму:"Контрактная и балансовая суммы ", код:"FR_4_007_01c_01...!
2020-07-28 15:01:42,394 - WARNING - aya - модуль:"BuhOtch":1268 - удаляем форму:"Краткое изложение принципов уче", код:"FR_1_004_01c_01...!
2020-07-28 15:01:42,394 - WARNING - aya - модуль:"BuhOtch":1268 - удаляем форму:"Кредиты займы и прочие привлече", код:"FR_2_020_01c_01...!
2020-07-28 15:01:42,394 - WARNING - aya - модуль:"BuhOtch":1268 - удаляем форму:"Методы оценки и исходные данные", код:"FR_4_008_02c_01...!
2020-07-28 15:01:42,395 - WARNING - aya - модуль:"BuhOtch":1268 - удаляем форму:"Методы оценки и исходные данн_2", код:"FR_4_008_03c_01...!
2020-07-28 15:01:42,395 - WARNING - aya - модуль:"BuhOtch":1268 - удаляем форму:"Методы оценки и исходные данн_3", код:"FR_4_008_05c_01...!
2020-07-28 15:01:42,395 - WARNING - aya - модуль:"BuhOtch":1268 - удаляем форму:"Минимальные суммы будущих аренд", код:"FR_2_055_06c_01...!
2020-07-28 15:01:42,395 - WARNING - aya - модуль:"BuhOtch":1268 - удаляем форму:"Налоговое воздействие временных", код:"FR_3_018_04c_01_comparative...!
2020-07-28 15:01:42,395 - WARNING - aya - модуль:"BuhOtch":1268 - удаляем форму:"Налоговое воздействие временн_2", код:"FR_3_018_04c_01...!
2020-07-28 15:01:42,396 - WARNING - aya - модуль:"BuhOtch":1268 - удаляем форму:"Обзор финансовых активов и обяз", код:"FR_4_004_18c_01...!
2020-07-28 15:01:42,396 - WARNING - aya - модуль:"BuhOtch":1268 - удаляем форму:"Общие и административные расход", код:"FR_3_014_01c_01_LastQuarter...!
2020-07-28 15:01:42,396 - WARNING - aya - модуль:"BuhOtch":1268 - удаляем форму:"Общие и административные расх_2", код:"FR_3_014_01c_01...!
2020-07-28 15:01:42,397 - WARNING - aya - модуль:"BuhOtch":1268 - удаляем форму:"Основные виды активов активов в", код:"FR_2_012_01c_01...!
2020-07-28 15:01:42,397 - WARNING - aya - модуль:"BuhOtch":1268 - удаляем форму:"Основные виды обязательств выбы", код:"FR_2_012_02c_01...!
2020-07-28 15:01:42,397 - WARNING - aya - модуль:"BuhOtch":1268 - удаляем форму:"Основные средства", код:"FR_2_015_01c_01...!
2020-07-28 15:01:42,398 - WARNING - aya - модуль:"BuhOtch":1268 - удаляем форму:"Основы составления бухгалтерско", код:"FR_1_003_01c_01...!
2020-07-28 15:01:42,398 - WARNING - aya - модуль:"BuhOtch":1268 - удаляем форму:"Остатки по операциям со связанн", код:"FR_4_010_01c_01...!
2020-07-28 15:01:42,398 - WARNING - aya - модуль:"BuhOtch":1268 - удаляем форму:"Потоки денежных средств по дого", код:"FR_2_055_03c_01...!
2020-07-28 15:01:42,398 - WARNING - aya - модуль:"BuhOtch":1268 - удаляем форму:"Прибыль убыток за отчетный пери", код:"FR_4_002_02c_01_comparative...!
2020-07-28 15:01:42,398 - WARNING - aya - модуль:"BuhOtch":1268 - удаляем форму:"Прибыль убыток за отчетный пе_2", код:"FR_4_002_02c_01...!
2020-07-28 15:01:42,398 - WARNING - aya - модуль:"BuhOtch":1268 - удаляем форму:"Прибыль убыток от прекращенной ", код:"FR_2_012_03c_01_LastQuarter...!
2020-07-28 15:01:42,399 - WARNING - aya - модуль:"BuhOtch":1268 - удаляем форму:"Прибыль убыток от прекращенно_2", код:"FR_2_012_03c_01...!
2020-07-28 15:01:42,399 - WARNING - aya - модуль:"BuhOtch":1268 - удаляем форму:"Прогноз по срокам влияния ожида", код:"FR_4_007_04c_01_LastQuarter...!
2020-07-28 15:01:42,399 - WARNING - aya - модуль:"BuhOtch":1268 - удаляем форму:"Прогноз по срокам влияния ожи_2", код:"FR_4_007_04c_01...!
2020-07-28 15:01:42,399 - WARNING - aya - модуль:"BuhOtch":1268 - удаляем форму:"Процентные доходы За последний ", код:"FR_3_006_01c_01_LastQuarter...!
2020-07-28 15:01:42,400 - WARNING - aya - модуль:"BuhOtch":1268 - удаляем форму:"Процентные доходы", код:"FR_3_006_01c_01...!
2020-07-28 15:01:42,400 - WARNING - aya - модуль:"BuhOtch":1268 - удаляем форму:"Процентные расходы За последний", код:"FR_3_015_01c_01_LastQuarter...!
2020-07-28 15:01:42,400 - WARNING - aya - модуль:"BuhOtch":1268 - удаляем форму:"Процентные расходы", код:"FR_3_015_01c_01...!
2020-07-28 15:01:42,400 - WARNING - aya - модуль:"BuhOtch":1268 - удаляем форму:"Прочие доходы За последний квар", код:"FR_3_017_01c_01_LastQuarter...!
2020-07-28 15:01:42,400 - WARNING - aya - модуль:"BuhOtch":1268 - удаляем форму:"Прочие доходы", код:"FR_3_017_01c_01...!
2020-07-28 15:01:42,401 - WARNING - aya - модуль:"BuhOtch":1268 - удаляем форму:"Прочие инвестиционные доходы за", код:"FR_3_013_01c_01_LastQuarter...!
2020-07-28 15:01:42,401 - WARNING - aya - модуль:"BuhOtch":1268 - удаляем форму:"Прочие инвестиционные доходы _2", код:"FR_3_013_01c_01...!
2020-07-28 15:01:42,401 - WARNING - aya - модуль:"BuhOtch":1268 - удаляем форму:"Прочие расходы За последний ква", код:"FR_3_017_02c_01_LastQuarter...!
2020-07-28 15:01:42,401 - WARNING - aya - модуль:"BuhOtch":1268 - удаляем форму:"Прочие расходы", код:"FR_3_017_02c_01...!
2020-07-28 15:01:42,402 - WARNING - aya - модуль:"BuhOtch":1268 - удаляем форму:"Прямые операционные расходы За ", код:"FR_3_035_01_01_LastQuarter...!
2020-07-28 15:01:42,402 - WARNING - aya - модуль:"BuhOtch":1268 - удаляем форму:"Прямые операционные расходы", код:"FR_3_035_01_01...!
2020-07-28 15:01:42,402 - WARNING - aya - модуль:"BuhOtch":1268 - удаляем форму:"Разводненная прибыль убыток на ", код:"FR_4_002_03_01...!
2020-07-28 15:01:42,402 - WARNING - aya - модуль:"BuhOtch":1268 - удаляем форму:"Разводненная прибыль убыток н_2", код:"FR_4_002_03_01_Prim...!
2020-07-28 15:01:42,402 - WARNING - aya - модуль:"BuhOtch":1268 - удаляем форму:"Распределение активов пенсионно", код:"FR_2_027_05c_01...!
2020-07-28 15:01:42,402 - WARNING - aya - модуль:"BuhOtch":1268 - удаляем форму:"Расход доход по налогу на прибы", код:"FR_3_018_01c_01_LastQuarter...!
2020-07-28 15:01:42,403 - WARNING - aya - модуль:"BuhOtch":1268 - удаляем форму:"Расход доход по налогу на при_2", код:"FR_3_018_01c_01...!
2020-07-28 15:01:42,403 - WARNING - aya - модуль:"BuhOtch":1268 - удаляем форму:"Расходы на персонал За последни", код:"FR_3_034_01_01_LastQuarter...!
2020-07-28 15:01:42,403 - WARNING - aya - модуль:"BuhOtch":1268 - удаляем форму:"Расходы на персонал", код:"FR_3_034_01_01...!
2020-07-28 15:01:42,404 - WARNING - aya - модуль:"BuhOtch":1268 - удаляем форму:"Расходы по пенсионному плану За", код:"FR_2_027_08_01_LastQuarter...!
2020-07-28 15:01:42,404 - WARNING - aya - модуль:"BuhOtch":1268 - удаляем форму:"Расходы по пенсионному плану", код:"FR_2_027_08_01...!
2020-07-28 15:01:42,404 - WARNING - aya - модуль:"BuhOtch":1268 - удаляем форму:"Расходы по прочим долгосрочным ", код:"FR_2_027_10_01_LastQuarter...!
2020-07-28 15:01:42,404 - WARNING - aya - модуль:"BuhOtch":1268 - удаляем форму:"Расходы по прочим долгосрочны_2", код:"FR_2_027_10_01...!
2020-07-28 15:01:42,404 - WARNING - aya - модуль:"BuhOtch":1268 - удаляем форму:"Сверка активов и обязательств п", код:"FR_4_003_05c_01...!
2020-07-28 15:01:42,405 - WARNING - aya - модуль:"BuhOtch":1268 - удаляем форму:"Сверка балансовой стоимости осн", код:"FR_2_015_02_01...!
2020-07-28 15:01:42,405 - WARNING - aya - модуль:"BuhOtch":1268 - удаляем форму:"Сверка полученных данных по оце", код:"FR_2_013_04c_01...!
2020-07-28 15:01:42,405 - WARNING - aya - модуль:"BuhOtch":1268 - удаляем форму:"Сверка совокупных прибылей и уб", код:"FR_4_003_04c_01_LastQuarter...!
2020-07-28 15:01:42,405 - WARNING - aya - модуль:"BuhOtch":1268 - удаляем форму:"Сверка совокупных прибылей и _2", код:"FR_4_003_04c_01...!
2020-07-28 15:01:42,405 - WARNING - aya - модуль:"BuhOtch":1268 - удаляем форму:"Символы счетов доходов и расход", код:"FR_OFR_purcb...!
2020-07-28 15:01:42,406 - WARNING - aya - модуль:"BuhOtch":1268 - удаляем форму:"Соблюдение особых условий", код:"FR_4_006_03c_01...!
2020-07-28 15:01:42,406 - WARNING - aya - модуль:"BuhOtch":1268 - удаляем форму:"Сопоставление теоретического ра", код:"FR_3_018_02c_01_LastQuarter...!
2020-07-28 15:01:42,406 - WARNING - aya - модуль:"BuhOtch":1268 - удаляем форму:"Сопоставление теоретического _2", код:"FR_3_018_02c_01...!
2020-07-28 15:01:42,406 - WARNING - aya - модуль:"BuhOtch":1268 - удаляем форму:"Справедливая стоимость производ", код:"FR_4_007_02c_01...!
2020-07-28 15:01:42,406 - WARNING - aya - модуль:"BuhOtch":1268 - удаляем форму:"Средства клиентов", код:"FR_2_041_01_01...!
2020-07-28 15:01:42,407 - WARNING - aya - модуль:"BuhOtch":1268 - удаляем форму:"Суммы признанные в отчете о фин", код:"FR_2_013_03c_01_LastQuarter...!
2020-07-28 15:01:42,407 - WARNING - aya - модуль:"BuhOtch":1268 - удаляем форму:"Суммы признанные в отчете о ф_2", код:"FR_2_013_03c_01...!
2020-07-28 15:01:42,407 - WARNING - aya - модуль:"BuhOtch":1268 - удаляем форму:"Счета Плана счетов", код:"FR_EPS_purcb...!
2020-07-28 15:01:42,407 - WARNING - aya - модуль:"BuhOtch":1268 - удаляем форму:"Текстовое раскрытие Актуарные д", код:"FR_2_027_06_02...!
2020-07-28 15:01:42,407 - WARNING - aya - модуль:"BuhOtch":1268 - удаляем форму:"Текстовое раскрытие Анализ изме", код:"FR_2_028_01_02...!
2020-07-28 15:01:42,408 - WARNING - aya - модуль:"BuhOtch":1268 - удаляем форму:"Текстовое раскрытие Анализ сумм", код:"FR_4_007_05_02...!
2020-07-28 15:01:42,408 - WARNING - aya - модуль:"BuhOtch":1268 - удаляем форму:"Текстовое раскрытие Географичес", код:"FR_4_003_07_05...!
2020-07-28 15:01:42,408 - WARNING - aya - модуль:"BuhOtch":1268 - удаляем форму:"Текстовое раскрытие Денежные ср", код:"FR_2_001_01_02...!
2020-07-28 15:01:42,408 - WARNING - aya - модуль:"BuhOtch":1268 - удаляем форму:"Текстовое раскрытие Дивиденды", код:"FR_3_019_01_02...!
2020-07-28 15:01:42,409 - WARNING - aya - модуль:"BuhOtch":1268 - удаляем форму:"Текстовое раскрытие Информация ", код:"FR_4_005_07_02...!
2020-07-28 15:01:42,409 - WARNING - aya - модуль:"BuhOtch":1268 - удаляем форму:"Текстовое раскрытие Информаци_2", код:"FR_4_004_11_07...!
2020-07-28 15:01:42,409 - WARNING - aya - модуль:"BuhOtch":1268 - удаляем форму:"Текстовое раскрытие Информаци_3", код:"FR_4_004_12_07...!
2020-07-28 15:01:42,409 - WARNING - aya - модуль:"BuhOtch":1268 - удаляем форму:"Текстовое раскрытие Информаци_4", код:"FR_4_004_14_07...!
2020-07-28 15:01:42,409 - WARNING - aya - модуль:"BuhOtch":1268 - удаляем форму:"Текстовое раскрытие Информаци_5", код:"FR_4_004_13c_07...!
2020-07-28 15:01:42,410 - WARNING - aya - модуль:"BuhOtch":1268 - удаляем форму:"Текстовое раскрытие Информаци_6", код:"FR_4_007_03_02...!
2020-07-28 15:01:42,410 - WARNING - aya - модуль:"BuhOtch":1268 - удаляем форму:"Текстовое раскрытие Информаци_7", код:"FR_4_005_04_02...!
2020-07-28 15:01:42,410 - WARNING - aya - модуль:"BuhOtch":1268 - удаляем форму:"Текстовое раскрытие Информаци_8", код:"FR_4_010_03_02...!
2020-07-28 15:01:42,410 - WARNING - aya - модуль:"BuhOtch":1268 - удаляем форму:"Текстовое раскрытие Информаци_9", код:"FR_4_003_01_03...!
2020-07-28 15:01:42,410 - WARNING - aya - модуль:"BuhOtch":1268 - удаляем форму:"Текстовое раскрытие Информац_10", код:"FR_4_008_04_02...!
2020-07-28 15:01:42,411 - WARNING - aya - модуль:"BuhOtch":1268 - удаляем форму:"Текстовое раскрытие Информац_11", код:"FR_2_001_03_02...!
2020-07-28 15:01:42,411 - WARNING - aya - модуль:"BuhOtch":1268 - удаляем форму:"Текстовое раскрытие Капитал", код:"FR_2_030_01_03...!
2020-07-28 15:01:42,411 - WARNING - aya - модуль:"BuhOtch":1268 - удаляем форму:"Текстовое раскрытие Кредиты зай", код:"FR_2_020_01_02...!
2020-07-28 15:01:42,411 - WARNING - aya - модуль:"BuhOtch":1268 - удаляем форму:"Текстовое раскрытие Методы оцен", код:"FR_4_008_03_02...!
2020-07-28 15:01:42,412 - WARNING - aya - модуль:"BuhOtch":1268 - удаляем форму:"Текстовое раскрытие Нематериаль", код:"FR_2_014_01_02...!
2020-07-28 15:01:42,412 - WARNING - aya - модуль:"BuhOtch":1268 - удаляем форму:"Текстовое раскрытие Общие и адм", код:"FR_3_014_01_02...!
2020-07-28 15:01:42,412 - WARNING - aya - модуль:"BuhOtch":1268 - удаляем форму:"Текстовое раскрытие Основные ви", код:"FR_2_012_01_03...!
2020-07-28 15:01:42,412 - WARNING - aya - модуль:"BuhOtch":1268 - удаляем форму:"Текстовое раскрытие Основные ср", код:"FR_2_015_01_02...!
2020-07-28 15:01:42,412 - WARNING - aya - модуль:"BuhOtch":1268 - удаляем форму:"Текстовое раскрытие Остатки по ", код:"FR_4_010_01_02...!
2020-07-28 15:01:42,413 - WARNING - aya - модуль:"BuhOtch":1268 - удаляем форму:"Текстовое раскрытие Распределен", код:"FR_2_027_05_02...!
2020-07-28 15:01:42,413 - WARNING - aya - модуль:"BuhOtch":1268 - удаляем форму:"Текстовое раскрытие Расход дохо", код:"FR_3_018_01_02...!
2020-07-28 15:01:42,413 - WARNING - aya - модуль:"BuhOtch":1268 - удаляем форму:"Текстовое раскрытие Расходы на ", код:"FR_3_034_01_02...!
2020-07-28 15:01:42,413 - WARNING - aya - модуль:"BuhOtch":1268 - удаляем форму:"Текстовое раскрытие Сверка акти", код:"FR_4_003_05_03...!
2020-07-28 15:01:42,413 - WARNING - aya - модуль:"BuhOtch":1268 - удаляем форму:"Текстовое раскрытие Сверка полу", код:"FR_2_013_04_02...!
2020-07-28 15:01:42,414 - WARNING - aya - модуль:"BuhOtch":1268 - удаляем форму:"Текстовое раскрытие Сверка сово", код:"FR_4_003_04_03...!
2020-07-28 15:01:42,414 - WARNING - aya - модуль:"BuhOtch":1268 - удаляем форму:"Текстовое раскрытие События пос", код:"FR_4_011_01_01...!
2020-07-28 15:01:42,414 - WARNING - aya - модуль:"BuhOtch":1268 - удаляем форму:"Текстовое раскрытие Сопоставлен", код:"FR_3_018_02_02...!
2020-07-28 15:01:42,414 - WARNING - aya - модуль:"BuhOtch":1268 - удаляем форму:"Текстовое раскрытие Сопоставл_2", код:"FR_3_018_02_03...!
2020-07-28 15:01:42,414 - WARNING - aya - модуль:"BuhOtch":1268 - удаляем форму:"Текстовое раскрытие Средства в ", код:"FR_2_006_01c_02...!
2020-07-28 15:01:42,415 - WARNING - aya - модуль:"BuhOtch":1268 - удаляем форму:"Текстовое раскрытие Суммы призн", код:"FR_2_013_03_02...!
2020-07-28 15:01:42,415 - WARNING - aya - модуль:"BuhOtch":1268 - удаляем форму:"Текстовое раскрытие Управление ", код:"FR_4_001_01_01...!
2020-07-28 15:01:42,415 - WARNING - aya - модуль:"BuhOtch":1268 - удаляем форму:"Текстовое раскрытие Уровни в ие", код:"FR_4_008_01_02...!
2020-07-28 15:01:42,415 - WARNING - aya - модуль:"BuhOtch":1268 - удаляем форму:"Текстовое раскрытие Учет инвест", код:"FR_2_013_01_02...!
2020-07-28 15:01:42,415 - WARNING - aya - модуль:"BuhOtch":1268 - удаляем форму:"Текстовое раскрытие Учет инве_2", код:"FR_2_013_02_02...!
2020-07-28 15:01:42,416 - WARNING - aya - модуль:"BuhOtch":1268 - удаляем форму:"Текстовое раскрытие Финансовые ", код:"FR_2_008_01c_02...!
2020-07-28 15:01:42,416 - WARNING - aya - модуль:"BuhOtch":1268 - удаляем форму:"Текстовое раскрытие Финансовы_2", код:"FR_2_018_01_02...!
2020-07-28 15:01:42,416 - WARNING - aya - модуль:"BuhOtch":1268 - удаляем форму:"Текстовое раскрытие Чистые акти", код:"FR_2_027_02_02...!
2020-07-28 15:01:42,416 - WARNING - aya - модуль:"BuhOtch":1268 - удаляем форму:"Текстовое раскрытиеЗаймы выданн", код:"FR_2_007_01c_02...!
2020-07-28 15:01:42,416 - WARNING - aya - модуль:"BuhOtch":1268 - удаляем форму:"Текстовые раскрытия относящиеся", код:"FR_Tekst_raskr...!
2020-07-28 15:01:42,417 - WARNING - aya - модуль:"BuhOtch":1268 - удаляем форму:"Убыток от обесценения по отчетн", код:"FR_4_003_08c_01_LastQuarter...!
2020-07-28 15:01:42,417 - WARNING - aya - модуль:"BuhOtch":1268 - удаляем форму:"Убыток от обесценения по отче_2", код:"FR_4_003_08c_01...!
2020-07-28 15:01:42,417 - WARNING - aya - модуль:"BuhOtch":1268 - удаляем форму:"Уровни в иерархии справедливой ", код:"FR_4_008_01c_01...!
2020-07-28 15:01:42,417 - WARNING - aya - модуль:"BuhOtch":1268 - удаляем форму:"Условные обязательства и активы", код:"FR_4_006_04_01...!
2020-07-28 15:01:42,417 - WARNING - aya - модуль:"BuhOtch":1268 - удаляем форму:"Учет инвестиционного имущества ", код:"FR_2_013_01c_01...!
2020-07-28 15:01:42,418 - WARNING - aya - модуль:"BuhOtch":1268 - удаляем форму:"Учет инвестиционного имуществ_2", код:"FR_2_013_02c_01...!
2020-07-28 15:01:42,418 - WARNING - aya - модуль:"BuhOtch":1268 - удаляем форму:"Финансовые активы в обязательно", код:"FR_2_002_01c_01...!
2020-07-28 15:01:42,418 - WARNING - aya - модуль:"BuhOtch":1268 - удаляем форму:"Финансовые активы классифицируе", код:"FR_2_003_01c_01...!
2020-07-28 15:01:42,418 - WARNING - aya - модуль:"BuhOtch":1268 - удаляем форму:"Финансовые инструменты подлежащ", код:"FR_4_009_01c_01...!
2020-07-28 15:01:42,419 - WARNING - aya - модуль:"BuhOtch":1268 - удаляем форму:"Финансовые обязательства в обяз", код:"FR_2_018_01c_01...!
2020-07-28 15:01:42,419 - WARNING - aya - модуль:"BuhOtch":1268 - удаляем форму:"Финансовые обязательства класси", код:"FR_2_019_01c_01...!
2020-07-28 15:01:42,419 - WARNING - aya - модуль:"BuhOtch":1268 - удаляем форму:"Ценные бумаги удерживаемые для ", код:"FR_2_002_02c_01...!
2020-07-28 15:01:42,419 - WARNING - aya - модуль:"BuhOtch":1268 - удаляем форму:"Части символов счетов доходов и", код:"FR_OFR_Chasti_purcb...!
2020-07-28 15:01:42,419 - WARNING - aya - модуль:"BuhOtch":1268 - удаляем форму:"Части счетов Плана счетов", код:"FR_EPS_Chasti_purcb...!
2020-07-28 15:01:42,419 - WARNING - aya - модуль:"BuhOtch":1268 - удаляем форму:"Чистое изменение переоценки обя", код:"FR_2_027_09c_01_LastQuarter...!
2020-07-28 15:01:42,420 - WARNING - aya - модуль:"BuhOtch":1268 - удаляем форму:"Чистое изменение переоценки о_2", код:"FR_2_027_09c_01...!
2020-07-28 15:01:42,420 - WARNING - aya - модуль:"BuhOtch":1268 - удаляем форму:"Чистые активы обязательства пен", код:"FR_2_027_02c_01...!
2020-07-28 15:01:42,423 - WARNING - aya - модуль:"BuhOtch":1268 - удаляем форму:"Чистые денежные потоки относящи", код:"FR_2_012_04c_01...!
2020-07-28 15:01:42,423 - WARNING - aya - модуль:"BuhOtch":1268 - удаляем форму:"Чистые обязательства активы по ", код:"FR_2_027_01c_01...!
2020-07-28 15:01:42,423 - WARNING - aya - модуль:"BuhOtch":1268 - удаляем форму:"Чувствительность капитала к доп", код:"FR_4_004_19c_01...!
2020-07-28 15:01:42,424 - WARNING - aya - модуль:"BuhOtch":1268 - удаляем форму:"Экономическая среда в которой н", код:"FR_1_002_01c_01...!
