2020-07-28 15:09:04,130 - WARNING - aya - модуль:"BuhOtch":1268 - удаляем форму:"0420002 Бухгалтерский баланс не", код:"1_FR_BS_PURCB_retrospective...!
2020-07-28 15:09:13,288 - WARNING - aya - модуль:"BuhOtch":1268 - удаляем форму:"0420002 Бухгалтерский баланс _2", код:"1_FR_BS_PURCB...!
2020-07-28 15:09:15,222 - WARNING - aya - модуль:"BuhOtch":1268 - удаляем форму:"0420002 Бухгалтерский баланс _3", код:"1_FR_BS_PURCB_open_retrospective...!
2020-07-28 15:09:15,872 - WARNING - aya - модуль:"BuhOtch":1268 - удаляем форму:"0420002 Бухгалтерский баланс _4", код:"1_FR_BS_PURCB_open...!
2020-07-28 15:09:16,420 - WARNING - aya - модуль:"BuhOtch":1268 - удаляем форму:"0420003 Отчет о финансовых резу", код:"2_FR_PL_PURCB_LastQuarter...!
2020-07-28 15:09:16,963 - WARNING - aya - модуль:"BuhOtch":1268 - удаляем форму:"0420003 Отчет о финансовых ре_2", код:"2_FR_PL_PURCB...!
2020-07-28 15:09:17,527 - WARNING - aya - модуль:"BuhOtch":1268 - удаляем форму:"0420003 Отчет о финансовых ре_3", код:"2_FR_PL_PURCB_open_LastQuarter...!
2020-07-28 15:09:18,099 - WARNING - aya - модуль:"BuhOtch":1268 - удаляем форму:"0420003 Отчет о финансовых ре_4", код:"2_FR_PL_PURCB_open...!
2020-07-28 15:09:18,662 - WARNING - aya - модуль:"BuhOtch":1268 - удаляем форму:"0420004 Отчет об изменениях соб", код:"3_FR_SOCIE_PURCB...!
2020-07-28 15:09:19,232 - WARNING - aya - модуль:"BuhOtch":1268 - удаляем форму:"0420004 Отчет об изменениях с_2", код:"3_FR_SOCIE_PURCB_open_comparative...!
2020-07-28 15:09:19,779 - WARNING - aya - модуль:"BuhOtch":1268 - удаляем форму:"0420004 Отчет об изменениях с_3", код:"3_FR_SOCIE_PURCB_open...!
2020-07-28 15:09:20,341 - WARNING - aya - модуль:"BuhOtch":1268 - удаляем форму:"0420005 Отчет о потоках денежны", код:"4_FR_CF_PURCB_comparative...!
2020-07-28 15:09:20,889 - WARNING - aya - модуль:"BuhOtch":1268 - удаляем форму:"0420005 Отчет о потоках денеж_2", код:"4_FR_CF_PURCB...!
2020-07-28 15:09:21,464 - WARNING - aya - модуль:"BuhOtch":1268 - удаляем форму:"0420005 Отчет о потоках денеж_3", код:"4_FR_CF_PURCB_open_comparative...!
2020-07-28 15:09:22,020 - WARNING - aya - модуль:"BuhOtch":1268 - удаляем форму:"0420005 Отчет о потоках денеж_4", код:"4_FR_CF_PURCB_open...!
2020-07-28 15:09:22,600 - WARNING - aya - модуль:"BuhOtch":1268 - удаляем форму:"Информация о некредитной финанс", код:"0_FR_ORGINFO_c...!
2020-07-28 15:09:23,164 - WARNING - aya - модуль:"BuhOtch":1268 - удаляем форму:"Активы и обязательства по догов", код:"FR_2_055_02c_01...!
2020-07-28 15:09:23,738 - WARNING - aya - модуль:"BuhOtch":1268 - удаляем форму:"Актуарные допущения использован", код:"FR_2_027_06c_01...!
2020-07-28 15:09:25,771 - WARNING - aya - модуль:"BuhOtch":1268 - удаляем форму:"Актуарные допущения использов_2", код:"FR_2_027_06c_01_Prim...!
2020-07-28 15:09:26,328 - WARNING - aya - модуль:"BuhOtch":1268 - удаляем форму:"Анализ изменений оценочного рез", код:"FR_3_011_01c_01_comparative...!
2020-07-28 15:09:26,873 - WARNING - aya - модуль:"BuhOtch":1268 - удаляем форму:"Анализ изменений оценочного р_2", код:"FR_3_011_01c_01...!
2020-07-28 15:09:27,410 - WARNING - aya - модуль:"BuhOtch":1268 - удаляем форму:"Анализ изменений резерва под об", код:"FR_2_009_02_01_comparative...!
2020-07-28 15:09:27,938 - WARNING - aya - модуль:"BuhOtch":1268 - удаляем форму:"Анализ изменений резерва под _2", код:"FR_2_009_02_01...!
2020-07-28 15:09:28,480 - WARNING - aya - модуль:"BuhOtch":1268 - удаляем форму:"Анализ изменений резерва под _3", код:"FR_2_011_02_01_comparative...!
2020-07-28 15:09:33,869 - WARNING - aya - модуль:"BuhOtch":1268 - удаляем форму:"Анализ изменений резерва под _4", код:"FR_2_011_02_01...!
2020-07-28 15:09:35,188 - WARNING - aya - модуль:"BuhOtch":1268 - удаляем форму:"Анализ изменений резерва под _5", код:"FR_2_010_02_01_comparative...!
2020-07-28 15:09:37,799 - WARNING - aya - модуль:"BuhOtch":1268 - удаляем форму:"Анализ изменений резерва под _6", код:"FR_2_010_02_01...!
2020-07-28 15:09:38,352 - WARNING - aya - модуль:"BuhOtch":1268 - удаляем форму:"Анализ изменений резерва под _7", код:"FR_2_017_02c_01_comparative...!
2020-07-28 15:09:38,894 - WARNING - aya - модуль:"BuhOtch":1268 - удаляем форму:"Анализ изменений резерва под _8", код:"FR_2_017_02c_01...!
2020-07-28 15:09:39,428 - WARNING - aya - модуль:"BuhOtch":1268 - удаляем форму:"Анализ изменений резервов  оцен", код:"FR_2_028_01c_01...!
2020-07-28 15:09:39,973 - WARNING - aya - модуль:"BuhOtch":1268 - удаляем форму:"Анализ изменения справедливой с", код:"FR_2_019_02c_01...!
2020-07-28 15:09:40,528 - WARNING - aya - модуль:"BuhOtch":1268 - удаляем форму:"Анализ недисконтированных аренд", код:"FR_2_055_05_01...!
2020-07-28 15:09:41,114 - WARNING - aya - модуль:"BuhOtch":1268 - удаляем форму:"Анализ по договорным срокам до ", код:"FR_4_005_05c_01...!
2020-07-28 15:09:41,706 - WARNING - aya - модуль:"BuhOtch":1268 - удаляем форму:"Анализ процентных ставок и срок", код:"FR_2_021_02_01...!
2020-07-28 15:09:42,249 - WARNING - aya - модуль:"BuhOtch":1268 - удаляем форму:"Анализ процентных ставок и ср_2", код:"FR_2_020_03c_01...!
2020-07-28 15:09:42,767 - WARNING - aya - модуль:"BuhOtch":1268 - удаляем форму:"Анализ справедливой стоимости п", код:"FR_4_008_07c_01...!
2020-07-28 15:11:06,296 - WARNING - aya - модуль:"BuhOtch":1268 - удаляем форму:"Анализ справедливой стоимости_2", код:"FR_4_008_06c_01...!
2020-07-28 15:11:08,067 - WARNING - aya - модуль:"BuhOtch":1268 - удаляем форму:"Анализ сумм переклассифицирован", код:"FR_4_007_05c_01_LastQuarter...!
2020-07-28 15:11:08,782 - WARNING - aya - модуль:"BuhOtch":1268 - удаляем форму:"Анализ сумм переклассифициров_2", код:"FR_4_007_05c_01...!
2020-07-28 15:11:09,354 - WARNING - aya - модуль:"BuhOtch":1268 - удаляем форму:"Анализ финансовых активов и фин", код:"FR_4_004_17c_01...!
2020-07-28 15:11:10,002 - WARNING - aya - модуль:"BuhOtch":1268 - удаляем форму:"Анализ финансовых обязательств ", код:"FR_4_004_16c_01...!
2020-07-28 15:11:10,563 - WARNING - aya - модуль:"BuhOtch":1268 - удаляем форму:"Анализ чувствительности", код:"FR_2_027_07_01...!
